ERROR - 2023-07-02 14:10:45 --> Error connecting to the database: mysqli_sql_exception: Access denied for user ''@'localhost' (using password: NO) in D:\Simulasi-studi\vendor\codeigniter4\framework\system\Database\MySQLi\Connection.php:174
Stack trace:
#0 D:\Simulasi-studi\vendor\codeigniter4\framework\system\Database\MySQLi\Connection.php(174): mysqli->real_connect('localhost', '', '', '', 3306, '', 0)
#1 D:\Simulasi-studi\vendor\codeigniter4\framework\system\Database\BaseConnection.php(391): CodeIgniter\Database\MySQLi\Connection->connect(false)
#2 D:\Simulasi-studi\vendor\codeigniter4\framework\system\Database\BaseConnection.php(574): CodeIgniter\Database\BaseConnection->initialize()
#3 D:\Simulasi-studi\vendor\codeigniter4\framework\system\Database\BaseBuilder.php(1616): CodeIgniter\Database\BaseConnection->query('SELECT *\nFROM `...', Array, false)
#4 D:\Simulasi-studi\vendor\codeigniter4\framework\system\Model.php(268): CodeIgniter\Database\BaseBuilder->get()
#5 D:\Simulasi-studi\vendor\codeigniter4\framework\system\BaseModel.php(656): CodeIgniter\Model->doFirst()
#6 D:\Simulasi-studi\app\Controllers\AdminLogin.php(19): CodeIgniter\BaseModel->first()
#7 D:\Simulasi-studi\vendor\codeigniter4\framework\system\CodeIgniter.php(934): App\Controllers\AdminLogin->authentication()
#8 D:\Simulasi-studi\vendor\codeigniter4\framework\system\CodeIgniter.php(499): CodeIgniter\CodeIgniter->runController(Object(App\Controllers\AdminLogin))
#9 D:\Simulasi-studi\vendor\codeigniter4\framework\system\CodeIgniter.php(368): CodeIgniter\CodeIgniter->handleRequest(NULL, Object(Config\Cache), false)
#10 D:\Simulasi-studi\public\index.php(67): CodeIgniter\CodeIgniter->run()
#11 D:\Simulasi-studi\vendor\codeigniter4\framework\system\Commands\Server\rewrite.php(47): require_once('D:\\Simulasi-stu...')
#12 {main}

Next CodeIgniter\Database\Exceptions\DatabaseException: Access denied for user ''@'localhost' (using password: NO) in D:\Simulasi-studi\vendor\codeigniter4\framework\system\Database\MySQLi\Connection.php:218
Stack trace:
#0 D:\Simulasi-studi\vendor\codeigniter4\framework\system\Database\BaseConnection.php(391): CodeIgniter\Database\MySQLi\Connection->connect(false)
#1 D:\Simulasi-studi\vendor\codeigniter4\framework\system\Database\BaseConnection.php(574): CodeIgniter\Database\BaseConnection->initialize()
#2 D:\Simulasi-studi\vendor\codeigniter4\framework\system\Database\BaseBuilder.php(1616): CodeIgniter\Database\BaseConnection->query('SELECT *\nFROM `...', Array, false)
#3 D:\Simulasi-studi\vendor\codeigniter4\framework\system\Model.php(268): CodeIgniter\Database\BaseBuilder->get()
#4 D:\Simulasi-studi\vendor\codeigniter4\framework\system\BaseModel.php(656): CodeIgniter\Model->doFirst()
#5 D:\Simulasi-studi\app\Controllers\AdminLogin.php(19): CodeIgniter\BaseModel->first()
#6 D:\Simulasi-studi\vendor\codeigniter4\framework\system\CodeIgniter.php(934): App\Controllers\AdminLogin->authentication()
#7 D:\Simulasi-studi\vendor\codeigniter4\framework\system\CodeIgniter.php(499): CodeIgniter\CodeIgniter->runController(Object(App\Controllers\AdminLogin))
#8 D:\Simulasi-studi\vendor\codeigniter4\framework\system\CodeIgniter.php(368): CodeIgniter\CodeIgniter->handleRequest(NULL, Object(Config\Cache), false)
#9 D:\Simulasi-studi\public\index.php(67): CodeIgniter\CodeIgniter->run()
#10 D:\Simulasi-studi\vendor\codeigniter4\framework\system\Commands\Server\rewrite.php(47): require_once('D:\\Simulasi-stu...')
#11 {main}
CRITICAL - 2023-07-02 14:10:45 --> Unable to connect to the database.
Main connection [MySQLi]: Access denied for user ''@'localhost' (using password: NO)
in SYSTEMPATH\Database\BaseConnection.php on line 427.
 1 SYSTEMPATH\Database\BaseConnection.php(574): CodeIgniter\Database\BaseConnection->initialize()
 2 SYSTEMPATH\Database\BaseBuilder.php(1616): CodeIgniter\Database\BaseConnection->query('SELECT *
FROM `admin`
WHERE `username` = :username:
 LIMIT 1', [...], false)
 3 SYSTEMPATH\Model.php(268): CodeIgniter\Database\BaseBuilder->get()
 4 SYSTEMPATH\BaseModel.php(656): CodeIgniter\Model->doFirst()
 5 APPPATH\Controllers\AdminLogin.php(19): CodeIgniter\BaseModel->first()
 6 SYSTEMPATH\CodeIgniter.php(934): App\Controllers\AdminLogin->authentication()
 7 SYSTEMPATH\CodeIgniter.php(499): CodeIgniter\CodeIgniter->runController(Object(App\Controllers\AdminLogin))
 8 SYSTEMPATH\CodeIgniter.php(368): CodeIgniter\CodeIgniter->handleRequest(null, Object(Config\Cache), false)
 9 FCPATH\index.php(67): CodeIgniter\CodeIgniter->run()
10 SYSTEMPATH\Commands\Server\rewrite.php(47): require_once('D:\\Simulasi-studi\\public\\index.php')
ERROR - 2023-07-02 14:10:50 --> Error connecting to the database: mysqli_sql_exception: Access denied for user ''@'localhost' (using password: NO) in D:\Simulasi-studi\vendor\codeigniter4\framework\system\Database\MySQLi\Connection.php:174
Stack trace:
#0 D:\Simulasi-studi\vendor\codeigniter4\framework\system\Database\MySQLi\Connection.php(174): mysqli->real_connect('localhost', '', '', '', 3306, '', 0)
#1 D:\Simulasi-studi\vendor\codeigniter4\framework\system\Database\BaseConnection.php(391): CodeIgniter\Database\MySQLi\Connection->connect(false)
#2 D:\Simulasi-studi\vendor\codeigniter4\framework\system\Database\BaseConnection.php(574): CodeIgniter\Database\BaseConnection->initialize()
#3 D:\Simulasi-studi\vendor\codeigniter4\framework\system\Database\BaseBuilder.php(1616): CodeIgniter\Database\BaseConnection->query('SELECT *\nFROM `...', Array, false)
#4 D:\Simulasi-studi\vendor\codeigniter4\framework\system\Model.php(268): CodeIgniter\Database\BaseBuilder->get()
#5 D:\Simulasi-studi\vendor\codeigniter4\framework\system\BaseModel.php(656): CodeIgniter\Model->doFirst()
#6 D:\Simulasi-studi\app\Controllers\AdminLogin.php(19): CodeIgniter\BaseModel->first()
#7 D:\Simulasi-studi\vendor\codeigniter4\framework\system\CodeIgniter.php(934): App\Controllers\AdminLogin->authentication()
#8 D:\Simulasi-studi\vendor\codeigniter4\framework\system\CodeIgniter.php(499): CodeIgniter\CodeIgniter->runController(Object(App\Controllers\AdminLogin))
#9 D:\Simulasi-studi\vendor\codeigniter4\framework\system\CodeIgniter.php(368): CodeIgniter\CodeIgniter->handleRequest(NULL, Object(Config\Cache), false)
#10 D:\Simulasi-studi\public\index.php(67): CodeIgniter\CodeIgniter->run()
#11 D:\Simulasi-studi\vendor\codeigniter4\framework\system\Commands\Server\rewrite.php(47): require_once('D:\\Simulasi-stu...')
#12 {main}

Next CodeIgniter\Database\Exceptions\DatabaseException: Access denied for user ''@'localhost' (using password: NO) in D:\Simulasi-studi\vendor\codeigniter4\framework\system\Database\MySQLi\Connection.php:218
Stack trace:
#0 D:\Simulasi-studi\vendor\codeigniter4\framework\system\Database\BaseConnection.php(391): CodeIgniter\Database\MySQLi\Connection->connect(false)
#1 D:\Simulasi-studi\vendor\codeigniter4\framework\system\Database\BaseConnection.php(574): CodeIgniter\Database\BaseConnection->initialize()
#2 D:\Simulasi-studi\vendor\codeigniter4\framework\system\Database\BaseBuilder.php(1616): CodeIgniter\Database\BaseConnection->query('SELECT *\nFROM `...', Array, false)
#3 D:\Simulasi-studi\vendor\codeigniter4\framework\system\Model.php(268): CodeIgniter\Database\BaseBuilder->get()
#4 D:\Simulasi-studi\vendor\codeigniter4\framework\system\BaseModel.php(656): CodeIgniter\Model->doFirst()
#5 D:\Simulasi-studi\app\Controllers\AdminLogin.php(19): CodeIgniter\BaseModel->first()
#6 D:\Simulasi-studi\vendor\codeigniter4\framework\system\CodeIgniter.php(934): App\Controllers\AdminLogin->authentication()
#7 D:\Simulasi-studi\vendor\codeigniter4\framework\system\CodeIgniter.php(499): CodeIgniter\CodeIgniter->runController(Object(App\Controllers\AdminLogin))
#8 D:\Simulasi-studi\vendor\codeigniter4\framework\system\CodeIgniter.php(368): CodeIgniter\CodeIgniter->handleRequest(NULL, Object(Config\Cache), false)
#9 D:\Simulasi-studi\public\index.php(67): CodeIgniter\CodeIgniter->run()
#10 D:\Simulasi-studi\vendor\codeigniter4\framework\system\Commands\Server\rewrite.php(47): require_once('D:\\Simulasi-stu...')
#11 {main}
CRITICAL - 2023-07-02 14:10:50 --> Unable to connect to the database.
Main connection [MySQLi]: Access denied for user ''@'localhost' (using password: NO)
in SYSTEMPATH\Database\BaseConnection.php on line 427.
 1 SYSTEMPATH\Database\BaseConnection.php(574): CodeIgniter\Database\BaseConnection->initialize()
 2 SYSTEMPATH\Database\BaseBuilder.php(1616): CodeIgniter\Database\BaseConnection->query('SELECT *
FROM `admin`
WHERE `username` = :username:
 LIMIT 1', [...], false)
 3 SYSTEMPATH\Model.php(268): CodeIgniter\Database\BaseBuilder->get()
 4 SYSTEMPATH\BaseModel.php(656): CodeIgniter\Model->doFirst()
 5 APPPATH\Controllers\AdminLogin.php(19): CodeIgniter\BaseModel->first()
 6 SYSTEMPATH\CodeIgniter.php(934): App\Controllers\AdminLogin->authentication()
 7 SYSTEMPATH\CodeIgniter.php(499): CodeIgniter\CodeIgniter->runController(Object(App\Controllers\AdminLogin))
 8 SYSTEMPATH\CodeIgniter.php(368): CodeIgniter\CodeIgniter->handleRequest(null, Object(Config\Cache), false)
 9 FCPATH\index.php(67): CodeIgniter\CodeIgniter->run()
10 SYSTEMPATH\Commands\Server\rewrite.php(47): require_once('D:\\Simulasi-studi\\public\\index.php')
ERROR - 2023-07-02 14:11:20 --> Error connecting to the database: mysqli_sql_exception: Access denied for user ''@'localhost' (using password: NO) in D:\Simulasi-studi\vendor\codeigniter4\framework\system\Database\MySQLi\Connection.php:174
Stack trace:
#0 D:\Simulasi-studi\vendor\codeigniter4\framework\system\Database\MySQLi\Connection.php(174): mysqli->real_connect('localhost', '', '', '', 3306, '', 0)
#1 D:\Simulasi-studi\vendor\codeigniter4\framework\system\Database\BaseConnection.php(391): CodeIgniter\Database\MySQLi\Connection->connect(false)
#2 D:\Simulasi-studi\vendor\codeigniter4\framework\system\Database\BaseConnection.php(574): CodeIgniter\Database\BaseConnection->initialize()
#3 D:\Simulasi-studi\vendor\codeigniter4\framework\system\Database\BaseBuilder.php(1616): CodeIgniter\Database\BaseConnection->query('SELECT *\nFROM `...', Array, false)
#4 D:\Simulasi-studi\vendor\codeigniter4\framework\system\Model.php(268): CodeIgniter\Database\BaseBuilder->get()
#5 D:\Simulasi-studi\vendor\codeigniter4\framework\system\BaseModel.php(656): CodeIgniter\Model->doFirst()
#6 D:\Simulasi-studi\app\Controllers\AdminLogin.php(19): CodeIgniter\BaseModel->first()
#7 D:\Simulasi-studi\vendor\codeigniter4\framework\system\CodeIgniter.php(934): App\Controllers\AdminLogin->authentication()
#8 D:\Simulasi-studi\vendor\codeigniter4\framework\system\CodeIgniter.php(499): CodeIgniter\CodeIgniter->runController(Object(App\Controllers\AdminLogin))
#9 D:\Simulasi-studi\vendor\codeigniter4\framework\system\CodeIgniter.php(368): CodeIgniter\CodeIgniter->handleRequest(NULL, Object(Config\Cache), false)
#10 D:\Simulasi-studi\public\index.php(67): CodeIgniter\CodeIgniter->run()
#11 D:\Simulasi-studi\vendor\codeigniter4\framework\system\Commands\Server\rewrite.php(47): require_once('D:\\Simulasi-stu...')
#12 {main}

Next CodeIgniter\Database\Exceptions\DatabaseException: Access denied for user ''@'localhost' (using password: NO) in D:\Simulasi-studi\vendor\codeigniter4\framework\system\Database\MySQLi\Connection.php:218
Stack trace:
#0 D:\Simulasi-studi\vendor\codeigniter4\framework\system\Database\BaseConnection.php(391): CodeIgniter\Database\MySQLi\Connection->connect(false)
#1 D:\Simulasi-studi\vendor\codeigniter4\framework\system\Database\BaseConnection.php(574): CodeIgniter\Database\BaseConnection->initialize()
#2 D:\Simulasi-studi\vendor\codeigniter4\framework\system\Database\BaseBuilder.php(1616): CodeIgniter\Database\BaseConnection->query('SELECT *\nFROM `...', Array, false)
#3 D:\Simulasi-studi\vendor\codeigniter4\framework\system\Model.php(268): CodeIgniter\Database\BaseBuilder->get()
#4 D:\Simulasi-studi\vendor\codeigniter4\framework\system\BaseModel.php(656): CodeIgniter\Model->doFirst()
#5 D:\Simulasi-studi\app\Controllers\AdminLogin.php(19): CodeIgniter\BaseModel->first()
#6 D:\Simulasi-studi\vendor\codeigniter4\framework\system\CodeIgniter.php(934): App\Controllers\AdminLogin->authentication()
#7 D:\Simulasi-studi\vendor\codeigniter4\framework\system\CodeIgniter.php(499): CodeIgniter\CodeIgniter->runController(Object(App\Controllers\AdminLogin))
#8 D:\Simulasi-studi\vendor\codeigniter4\framework\system\CodeIgniter.php(368): CodeIgniter\CodeIgniter->handleRequest(NULL, Object(Config\Cache), false)
#9 D:\Simulasi-studi\public\index.php(67): CodeIgniter\CodeIgniter->run()
#10 D:\Simulasi-studi\vendor\codeigniter4\framework\system\Commands\Server\rewrite.php(47): require_once('D:\\Simulasi-stu...')
#11 {main}
CRITICAL - 2023-07-02 14:11:20 --> Unable to connect to the database.
Main connection [MySQLi]: Access denied for user ''@'localhost' (using password: NO)
in SYSTEMPATH\Database\BaseConnection.php on line 427.
 1 SYSTEMPATH\Database\BaseConnection.php(574): CodeIgniter\Database\BaseConnection->initialize()
 2 SYSTEMPATH\Database\BaseBuilder.php(1616): CodeIgniter\Database\BaseConnection->query('SELECT *
FROM `admin`
WHERE `username` = :username:
 LIMIT 1', [...], false)
 3 SYSTEMPATH\Model.php(268): CodeIgniter\Database\BaseBuilder->get()
 4 SYSTEMPATH\BaseModel.php(656): CodeIgniter\Model->doFirst()
 5 APPPATH\Controllers\AdminLogin.php(19): CodeIgniter\BaseModel->first()
 6 SYSTEMPATH\CodeIgniter.php(934): App\Controllers\AdminLogin->authentication()
 7 SYSTEMPATH\CodeIgniter.php(499): CodeIgniter\CodeIgniter->runController(Object(App\Controllers\AdminLogin))
 8 SYSTEMPATH\CodeIgniter.php(368): CodeIgniter\CodeIgniter->handleRequest(null, Object(Config\Cache), false)
 9 FCPATH\index.php(67): CodeIgniter\CodeIgniter->run()
10 SYSTEMPATH\Commands\Server\rewrite.php(47): require_once('D:\\Simulasi-studi\\public\\index.php')
ERROR - 2023-07-02 14:11:27 --> Error connecting to the database: mysqli_sql_exception: Access denied for user ''@'localhost' (using password: NO) in D:\Simulasi-studi\vendor\codeigniter4\framework\system\Database\MySQLi\Connection.php:174
Stack trace:
#0 D:\Simulasi-studi\vendor\codeigniter4\framework\system\Database\MySQLi\Connection.php(174): mysqli->real_connect('localhost', '', '', '', 3306, '', 0)
#1 D:\Simulasi-studi\vendor\codeigniter4\framework\system\Database\BaseConnection.php(391): CodeIgniter\Database\MySQLi\Connection->connect(false)
#2 D:\Simulasi-studi\vendor\codeigniter4\framework\system\Database\BaseConnection.php(574): CodeIgniter\Database\BaseConnection->initialize()
#3 D:\Simulasi-studi\vendor\codeigniter4\framework\system\Database\BaseBuilder.php(1616): CodeIgniter\Database\BaseConnection->query('SELECT *\nFROM `...', Array, false)
#4 D:\Simulasi-studi\vendor\codeigniter4\framework\system\Model.php(268): CodeIgniter\Database\BaseBuilder->get()
#5 D:\Simulasi-studi\vendor\codeigniter4\framework\system\BaseModel.php(656): CodeIgniter\Model->doFirst()
#6 D:\Simulasi-studi\app\Controllers\AdminLogin.php(19): CodeIgniter\BaseModel->first()
#7 D:\Simulasi-studi\vendor\codeigniter4\framework\system\CodeIgniter.php(934): App\Controllers\AdminLogin->authentication()
#8 D:\Simulasi-studi\vendor\codeigniter4\framework\system\CodeIgniter.php(499): CodeIgniter\CodeIgniter->runController(Object(App\Controllers\AdminLogin))
#9 D:\Simulasi-studi\vendor\codeigniter4\framework\system\CodeIgniter.php(368): CodeIgniter\CodeIgniter->handleRequest(NULL, Object(Config\Cache), false)
#10 D:\Simulasi-studi\public\index.php(67): CodeIgniter\CodeIgniter->run()
#11 D:\Simulasi-studi\vendor\codeigniter4\framework\system\Commands\Server\rewrite.php(47): require_once('D:\\Simulasi-stu...')
#12 {main}

Next CodeIgniter\Database\Exceptions\DatabaseException: Access denied for user ''@'localhost' (using password: NO) in D:\Simulasi-studi\vendor\codeigniter4\framework\system\Database\MySQLi\Connection.php:218
Stack trace:
#0 D:\Simulasi-studi\vendor\codeigniter4\framework\system\Database\BaseConnection.php(391): CodeIgniter\Database\MySQLi\Connection->connect(false)
#1 D:\Simulasi-studi\vendor\codeigniter4\framework\system\Database\BaseConnection.php(574): CodeIgniter\Database\BaseConnection->initialize()
#2 D:\Simulasi-studi\vendor\codeigniter4\framework\system\Database\BaseBuilder.php(1616): CodeIgniter\Database\BaseConnection->query('SELECT *\nFROM `...', Array, false)
#3 D:\Simulasi-studi\vendor\codeigniter4\framework\system\Model.php(268): CodeIgniter\Database\BaseBuilder->get()
#4 D:\Simulasi-studi\vendor\codeigniter4\framework\system\BaseModel.php(656): CodeIgniter\Model->doFirst()
#5 D:\Simulasi-studi\app\Controllers\AdminLogin.php(19): CodeIgniter\BaseModel->first()
#6 D:\Simulasi-studi\vendor\codeigniter4\framework\system\CodeIgniter.php(934): App\Controllers\AdminLogin->authentication()
#7 D:\Simulasi-studi\vendor\codeigniter4\framework\system\CodeIgniter.php(499): CodeIgniter\CodeIgniter->runController(Object(App\Controllers\AdminLogin))
#8 D:\Simulasi-studi\vendor\codeigniter4\framework\system\CodeIgniter.php(368): CodeIgniter\CodeIgniter->handleRequest(NULL, Object(Config\Cache), false)
#9 D:\Simulasi-studi\public\index.php(67): CodeIgniter\CodeIgniter->run()
#10 D:\Simulasi-studi\vendor\codeigniter4\framework\system\Commands\Server\rewrite.php(47): require_once('D:\\Simulasi-stu...')
#11 {main}
CRITICAL - 2023-07-02 14:11:27 --> Unable to connect to the database.
Main connection [MySQLi]: Access denied for user ''@'localhost' (using password: NO)
in SYSTEMPATH\Database\BaseConnection.php on line 427.
 1 SYSTEMPATH\Database\BaseConnection.php(574): CodeIgniter\Database\BaseConnection->initialize()
 2 SYSTEMPATH\Database\BaseBuilder.php(1616): CodeIgniter\Database\BaseConnection->query('SELECT *
FROM `admin`
WHERE `username` = :username:
 LIMIT 1', [...], false)
 3 SYSTEMPATH\Model.php(268): CodeIgniter\Database\BaseBuilder->get()
 4 SYSTEMPATH\BaseModel.php(656): CodeIgniter\Model->doFirst()
 5 APPPATH\Controllers\AdminLogin.php(19): CodeIgniter\BaseModel->first()
 6 SYSTEMPATH\CodeIgniter.php(934): App\Controllers\AdminLogin->authentication()
 7 SYSTEMPATH\CodeIgniter.php(499): CodeIgniter\CodeIgniter->runController(Object(App\Controllers\AdminLogin))
 8 SYSTEMPATH\CodeIgniter.php(368): CodeIgniter\CodeIgniter->handleRequest(null, Object(Config\Cache), false)
 9 FCPATH\index.php(67): CodeIgniter\CodeIgniter->run()
10 SYSTEMPATH\Commands\Server\rewrite.php(47): require_once('D:\\Simulasi-studi\\public\\index.php')
ERROR - 2023-07-02 14:12:19 --> Error connecting to the database: mysqli_sql_exception: Access denied for user ''@'localhost' (using password: NO) in D:\Simulasi-studi\vendor\codeigniter4\framework\system\Database\MySQLi\Connection.php:174
Stack trace:
#0 D:\Simulasi-studi\vendor\codeigniter4\framework\system\Database\MySQLi\Connection.php(174): mysqli->real_connect('localhost', '', '', '', 3306, '', 0)
#1 D:\Simulasi-studi\vendor\codeigniter4\framework\system\Database\BaseConnection.php(391): CodeIgniter\Database\MySQLi\Connection->connect(false)
#2 D:\Simulasi-studi\vendor\codeigniter4\framework\system\Database\BaseConnection.php(574): CodeIgniter\Database\BaseConnection->initialize()
#3 D:\Simulasi-studi\vendor\codeigniter4\framework\system\Database\BaseBuilder.php(1616): CodeIgniter\Database\BaseConnection->query('SELECT *\nFROM `...', Array, false)
#4 D:\Simulasi-studi\vendor\codeigniter4\framework\system\Model.php(268): CodeIgniter\Database\BaseBuilder->get()
#5 D:\Simulasi-studi\vendor\codeigniter4\framework\system\BaseModel.php(656): CodeIgniter\Model->doFirst()
#6 D:\Simulasi-studi\app\Controllers\AdminLogin.php(19): CodeIgniter\BaseModel->first()
#7 D:\Simulasi-studi\vendor\codeigniter4\framework\system\CodeIgniter.php(934): App\Controllers\AdminLogin->authentication()
#8 D:\Simulasi-studi\vendor\codeigniter4\framework\system\CodeIgniter.php(499): CodeIgniter\CodeIgniter->runController(Object(App\Controllers\AdminLogin))
#9 D:\Simulasi-studi\vendor\codeigniter4\framework\system\CodeIgniter.php(368): CodeIgniter\CodeIgniter->handleRequest(NULL, Object(Config\Cache), false)
#10 D:\Simulasi-studi\public\index.php(67): CodeIgniter\CodeIgniter->run()
#11 D:\Simulasi-studi\vendor\codeigniter4\framework\system\Commands\Server\rewrite.php(47): require_once('D:\\Simulasi-stu...')
#12 {main}

Next CodeIgniter\Database\Exceptions\DatabaseException: Access denied for user ''@'localhost' (using password: NO) in D:\Simulasi-studi\vendor\codeigniter4\framework\system\Database\MySQLi\Connection.php:218
Stack trace:
#0 D:\Simulasi-studi\vendor\codeigniter4\framework\system\Database\BaseConnection.php(391): CodeIgniter\Database\MySQLi\Connection->connect(false)
#1 D:\Simulasi-studi\vendor\codeigniter4\framework\system\Database\BaseConnection.php(574): CodeIgniter\Database\BaseConnection->initialize()
#2 D:\Simulasi-studi\vendor\codeigniter4\framework\system\Database\BaseBuilder.php(1616): CodeIgniter\Database\BaseConnection->query('SELECT *\nFROM `...', Array, false)
#3 D:\Simulasi-studi\vendor\codeigniter4\framework\system\Model.php(268): CodeIgniter\Database\BaseBuilder->get()
#4 D:\Simulasi-studi\vendor\codeigniter4\framework\system\BaseModel.php(656): CodeIgniter\Model->doFirst()
#5 D:\Simulasi-studi\app\Controllers\AdminLogin.php(19): CodeIgniter\BaseModel->first()
#6 D:\Simulasi-studi\vendor\codeigniter4\framework\system\CodeIgniter.php(934): App\Controllers\AdminLogin->authentication()
#7 D:\Simulasi-studi\vendor\codeigniter4\framework\system\CodeIgniter.php(499): CodeIgniter\CodeIgniter->runController(Object(App\Controllers\AdminLogin))
#8 D:\Simulasi-studi\vendor\codeigniter4\framework\system\CodeIgniter.php(368): CodeIgniter\CodeIgniter->handleRequest(NULL, Object(Config\Cache), false)
#9 D:\Simulasi-studi\public\index.php(67): CodeIgniter\CodeIgniter->run()
#10 D:\Simulasi-studi\vendor\codeigniter4\framework\system\Commands\Server\rewrite.php(47): require_once('D:\\Simulasi-stu...')
#11 {main}
CRITICAL - 2023-07-02 14:12:19 --> Unable to connect to the database.
Main connection [MySQLi]: Access denied for user ''@'localhost' (using password: NO)
in SYSTEMPATH\Database\BaseConnection.php on line 427.
 1 SYSTEMPATH\Database\BaseConnection.php(574): CodeIgniter\Database\BaseConnection->initialize()
 2 SYSTEMPATH\Database\BaseBuilder.php(1616): CodeIgniter\Database\BaseConnection->query('SELECT *
FROM `admin`
WHERE `email` = :email:
 LIMIT 1', [...], false)
 3 SYSTEMPATH\Model.php(268): CodeIgniter\Database\BaseBuilder->get()
 4 SYSTEMPATH\BaseModel.php(656): CodeIgniter\Model->doFirst()
 5 APPPATH\Controllers\AdminLogin.php(19): CodeIgniter\BaseModel->first()
 6 SYSTEMPATH\CodeIgniter.php(934): App\Controllers\AdminLogin->authentication()
 7 SYSTEMPATH\CodeIgniter.php(499): CodeIgniter\CodeIgniter->runController(Object(App\Controllers\AdminLogin))
 8 SYSTEMPATH\CodeIgniter.php(368): CodeIgniter\CodeIgniter->handleRequest(null, Object(Config\Cache), false)
 9 FCPATH\index.php(67): CodeIgniter\CodeIgniter->run()
10 SYSTEMPATH\Commands\Server\rewrite.php(47): require_once('D:\\Simulasi-studi\\public\\index.php')
ERROR - 2023-07-02 14:12:59 --> Error connecting to the database: mysqli_sql_exception: Access denied for user ''@'localhost' (using password: NO) in D:\Simulasi-studi\vendor\codeigniter4\framework\system\Database\MySQLi\Connection.php:174
Stack trace:
#0 D:\Simulasi-studi\vendor\codeigniter4\framework\system\Database\MySQLi\Connection.php(174): mysqli->real_connect('localhost', '', '', '', 3306, '', 0)
#1 D:\Simulasi-studi\vendor\codeigniter4\framework\system\Database\BaseConnection.php(391): CodeIgniter\Database\MySQLi\Connection->connect(false)
#2 D:\Simulasi-studi\vendor\codeigniter4\framework\system\Database\BaseConnection.php(574): CodeIgniter\Database\BaseConnection->initialize()
#3 D:\Simulasi-studi\vendor\codeigniter4\framework\system\Database\BaseBuilder.php(1616): CodeIgniter\Database\BaseConnection->query('SELECT *\nFROM `...', Array, false)
#4 D:\Simulasi-studi\vendor\codeigniter4\framework\system\Model.php(268): CodeIgniter\Database\BaseBuilder->get()
#5 D:\Simulasi-studi\vendor\codeigniter4\framework\system\BaseModel.php(656): CodeIgniter\Model->doFirst()
#6 D:\Simulasi-studi\app\Controllers\AdminLogin.php(19): CodeIgniter\BaseModel->first()
#7 D:\Simulasi-studi\vendor\codeigniter4\framework\system\CodeIgniter.php(934): App\Controllers\AdminLogin->authentication()
#8 D:\Simulasi-studi\vendor\codeigniter4\framework\system\CodeIgniter.php(499): CodeIgniter\CodeIgniter->runController(Object(App\Controllers\AdminLogin))
#9 D:\Simulasi-studi\vendor\codeigniter4\framework\system\CodeIgniter.php(368): CodeIgniter\CodeIgniter->handleRequest(NULL, Object(Config\Cache), false)
#10 D:\Simulasi-studi\public\index.php(67): CodeIgniter\CodeIgniter->run()
#11 D:\Simulasi-studi\vendor\codeigniter4\framework\system\Commands\Server\rewrite.php(47): require_once('D:\\Simulasi-stu...')
#12 {main}

Next CodeIgniter\Database\Exceptions\DatabaseException: Access denied for user ''@'localhost' (using password: NO) in D:\Simulasi-studi\vendor\codeigniter4\framework\system\Database\MySQLi\Connection.php:218
Stack trace:
#0 D:\Simulasi-studi\vendor\codeigniter4\framework\system\Database\BaseConnection.php(391): CodeIgniter\Database\MySQLi\Connection->connect(false)
#1 D:\Simulasi-studi\vendor\codeigniter4\framework\system\Database\BaseConnection.php(574): CodeIgniter\Database\BaseConnection->initialize()
#2 D:\Simulasi-studi\vendor\codeigniter4\framework\system\Database\BaseBuilder.php(1616): CodeIgniter\Database\BaseConnection->query('SELECT *\nFROM `...', Array, false)
#3 D:\Simulasi-studi\vendor\codeigniter4\framework\system\Model.php(268): CodeIgniter\Database\BaseBuilder->get()
#4 D:\Simulasi-studi\vendor\codeigniter4\framework\system\BaseModel.php(656): CodeIgniter\Model->doFirst()
#5 D:\Simulasi-studi\app\Controllers\AdminLogin.php(19): CodeIgniter\BaseModel->first()
#6 D:\Simulasi-studi\vendor\codeigniter4\framework\system\CodeIgniter.php(934): App\Controllers\AdminLogin->authentication()
#7 D:\Simulasi-studi\vendor\codeigniter4\framework\system\CodeIgniter.php(499): CodeIgniter\CodeIgniter->runController(Object(App\Controllers\AdminLogin))
#8 D:\Simulasi-studi\vendor\codeigniter4\framework\system\CodeIgniter.php(368): CodeIgniter\CodeIgniter->handleRequest(NULL, Object(Config\Cache), false)
#9 D:\Simulasi-studi\public\index.php(67): CodeIgniter\CodeIgniter->run()
#10 D:\Simulasi-studi\vendor\codeigniter4\framework\system\Commands\Server\rewrite.php(47): require_once('D:\\Simulasi-stu...')
#11 {main}
CRITICAL - 2023-07-02 14:12:59 --> Unable to connect to the database.
Main connection [MySQLi]: Access denied for user ''@'localhost' (using password: NO)
in SYSTEMPATH\Database\BaseConnection.php on line 427.
 1 SYSTEMPATH\Database\BaseConnection.php(574): CodeIgniter\Database\BaseConnection->initialize()
 2 SYSTEMPATH\Database\BaseBuilder.php(1616): CodeIgniter\Database\BaseConnection->query('SELECT *
FROM `admin`
WHERE `email` = :email:
 LIMIT 1', [...], false)
 3 SYSTEMPATH\Model.php(268): CodeIgniter\Database\BaseBuilder->get()
 4 SYSTEMPATH\BaseModel.php(656): CodeIgniter\Model->doFirst()
 5 APPPATH\Controllers\AdminLogin.php(19): CodeIgniter\BaseModel->first()
 6 SYSTEMPATH\CodeIgniter.php(934): App\Controllers\AdminLogin->authentication()
 7 SYSTEMPATH\CodeIgniter.php(499): CodeIgniter\CodeIgniter->runController(Object(App\Controllers\AdminLogin))
 8 SYSTEMPATH\CodeIgniter.php(368): CodeIgniter\CodeIgniter->handleRequest(null, Object(Config\Cache), false)
 9 FCPATH\index.php(67): CodeIgniter\CodeIgniter->run()
10 SYSTEMPATH\Commands\Server\rewrite.php(47): require_once('D:\\Simulasi-studi\\public\\index.php')
ERROR - 2023-07-02 14:14:11 --> Error connecting to the database: mysqli_sql_exception: Access denied for user ''@'localhost' (using password: NO) in D:\Simulasi-studi\vendor\codeigniter4\framework\system\Database\MySQLi\Connection.php:174
Stack trace:
#0 D:\Simulasi-studi\vendor\codeigniter4\framework\system\Database\MySQLi\Connection.php(174): mysqli->real_connect('localhost', '', '', '', 3306, '', 0)
#1 D:\Simulasi-studi\vendor\codeigniter4\framework\system\Database\BaseConnection.php(391): CodeIgniter\Database\MySQLi\Connection->connect(false)
#2 D:\Simulasi-studi\vendor\codeigniter4\framework\system\Database\BaseConnection.php(574): CodeIgniter\Database\BaseConnection->initialize()
#3 D:\Simulasi-studi\vendor\codeigniter4\framework\system\Database\BaseBuilder.php(1616): CodeIgniter\Database\BaseConnection->query('SELECT *\nFROM `...', Array, false)
#4 D:\Simulasi-studi\vendor\codeigniter4\framework\system\Model.php(268): CodeIgniter\Database\BaseBuilder->get()
#5 D:\Simulasi-studi\vendor\codeigniter4\framework\system\BaseModel.php(656): CodeIgniter\Model->doFirst()
#6 D:\Simulasi-studi\app\Controllers\AdminLogin.php(19): CodeIgniter\BaseModel->first()
#7 D:\Simulasi-studi\vendor\codeigniter4\framework\system\CodeIgniter.php(934): App\Controllers\AdminLogin->authentication()
#8 D:\Simulasi-studi\vendor\codeigniter4\framework\system\CodeIgniter.php(499): CodeIgniter\CodeIgniter->runController(Object(App\Controllers\AdminLogin))
#9 D:\Simulasi-studi\vendor\codeigniter4\framework\system\CodeIgniter.php(368): CodeIgniter\CodeIgniter->handleRequest(NULL, Object(Config\Cache), false)
#10 D:\Simulasi-studi\public\index.php(67): CodeIgniter\CodeIgniter->run()
#11 D:\Simulasi-studi\vendor\codeigniter4\framework\system\Commands\Server\rewrite.php(47): require_once('D:\\Simulasi-stu...')
#12 {main}

Next CodeIgniter\Database\Exceptions\DatabaseException: Access denied for user ''@'localhost' (using password: NO) in D:\Simulasi-studi\vendor\codeigniter4\framework\system\Database\MySQLi\Connection.php:218
Stack trace:
#0 D:\Simulasi-studi\vendor\codeigniter4\framework\system\Database\BaseConnection.php(391): CodeIgniter\Database\MySQLi\Connection->connect(false)
#1 D:\Simulasi-studi\vendor\codeigniter4\framework\system\Database\BaseConnection.php(574): CodeIgniter\Database\BaseConnection->initialize()
#2 D:\Simulasi-studi\vendor\codeigniter4\framework\system\Database\BaseBuilder.php(1616): CodeIgniter\Database\BaseConnection->query('SELECT *\nFROM `...', Array, false)
#3 D:\Simulasi-studi\vendor\codeigniter4\framework\system\Model.php(268): CodeIgniter\Database\BaseBuilder->get()
#4 D:\Simulasi-studi\vendor\codeigniter4\framework\system\BaseModel.php(656): CodeIgniter\Model->doFirst()
#5 D:\Simulasi-studi\app\Controllers\AdminLogin.php(19): CodeIgniter\BaseModel->first()
#6 D:\Simulasi-studi\vendor\codeigniter4\framework\system\CodeIgniter.php(934): App\Controllers\AdminLogin->authentication()
#7 D:\Simulasi-studi\vendor\codeigniter4\framework\system\CodeIgniter.php(499): CodeIgniter\CodeIgniter->runController(Object(App\Controllers\AdminLogin))
#8 D:\Simulasi-studi\vendor\codeigniter4\framework\system\CodeIgniter.php(368): CodeIgniter\CodeIgniter->handleRequest(NULL, Object(Config\Cache), false)
#9 D:\Simulasi-studi\public\index.php(67): CodeIgniter\CodeIgniter->run()
#10 D:\Simulasi-studi\vendor\codeigniter4\framework\system\Commands\Server\rewrite.php(47): require_once('D:\\Simulasi-stu...')
#11 {main}
CRITICAL - 2023-07-02 14:14:11 --> Unable to connect to the database.
Main connection [MySQLi]: Access denied for user ''@'localhost' (using password: NO)
in SYSTEMPATH\Database\BaseConnection.php on line 427.
 1 SYSTEMPATH\Database\BaseConnection.php(574): CodeIgniter\Database\BaseConnection->initialize()
 2 SYSTEMPATH\Database\BaseBuilder.php(1616): CodeIgniter\Database\BaseConnection->query('SELECT *
FROM `admin`
WHERE `email` = :email:
 LIMIT 1', [...], false)
 3 SYSTEMPATH\Model.php(268): CodeIgniter\Database\BaseBuilder->get()
 4 SYSTEMPATH\BaseModel.php(656): CodeIgniter\Model->doFirst()
 5 APPPATH\Controllers\AdminLogin.php(19): CodeIgniter\BaseModel->first()
 6 SYSTEMPATH\CodeIgniter.php(934): App\Controllers\AdminLogin->authentication()
 7 SYSTEMPATH\CodeIgniter.php(499): CodeIgniter\CodeIgniter->runController(Object(App\Controllers\AdminLogin))
 8 SYSTEMPATH\CodeIgniter.php(368): CodeIgniter\CodeIgniter->handleRequest(null, Object(Config\Cache), false)
 9 FCPATH\index.php(67): CodeIgniter\CodeIgniter->run()
10 SYSTEMPATH\Commands\Server\rewrite.php(47): require_once('D:\\Simulasi-studi\\public\\index.php')
ERROR - 2023-07-02 14:15:42 --> Error connecting to the database: mysqli_sql_exception: Access denied for user ''@'localhost' (using password: NO) in D:\Simulasi-studi\vendor\codeigniter4\framework\system\Database\MySQLi\Connection.php:174
Stack trace:
#0 D:\Simulasi-studi\vendor\codeigniter4\framework\system\Database\MySQLi\Connection.php(174): mysqli->real_connect('localhost', '', '', '', 3306, '', 0)
#1 D:\Simulasi-studi\vendor\codeigniter4\framework\system\Database\BaseConnection.php(391): CodeIgniter\Database\MySQLi\Connection->connect(false)
#2 D:\Simulasi-studi\vendor\codeigniter4\framework\system\Database\BaseConnection.php(574): CodeIgniter\Database\BaseConnection->initialize()
#3 D:\Simulasi-studi\vendor\codeigniter4\framework\system\Database\BaseBuilder.php(1616): CodeIgniter\Database\BaseConnection->query('SELECT *\nFROM `...', Array, false)
#4 D:\Simulasi-studi\vendor\codeigniter4\framework\system\Model.php(268): CodeIgniter\Database\BaseBuilder->get()
#5 D:\Simulasi-studi\vendor\codeigniter4\framework\system\BaseModel.php(656): CodeIgniter\Model->doFirst()
#6 D:\Simulasi-studi\app\Controllers\AdminLogin.php(19): CodeIgniter\BaseModel->first()
#7 D:\Simulasi-studi\vendor\codeigniter4\framework\system\CodeIgniter.php(934): App\Controllers\AdminLogin->authentication()
#8 D:\Simulasi-studi\vendor\codeigniter4\framework\system\CodeIgniter.php(499): CodeIgniter\CodeIgniter->runController(Object(App\Controllers\AdminLogin))
#9 D:\Simulasi-studi\vendor\codeigniter4\framework\system\CodeIgniter.php(368): CodeIgniter\CodeIgniter->handleRequest(NULL, Object(Config\Cache), false)
#10 D:\Simulasi-studi\public\index.php(67): CodeIgniter\CodeIgniter->run()
#11 D:\Simulasi-studi\vendor\codeigniter4\framework\system\Commands\Server\rewrite.php(47): require_once('D:\\Simulasi-stu...')
#12 {main}

Next CodeIgniter\Database\Exceptions\DatabaseException: Access denied for user ''@'localhost' (using password: NO) in D:\Simulasi-studi\vendor\codeigniter4\framework\system\Database\MySQLi\Connection.php:218
Stack trace:
#0 D:\Simulasi-studi\vendor\codeigniter4\framework\system\Database\BaseConnection.php(391): CodeIgniter\Database\MySQLi\Connection->connect(false)
#1 D:\Simulasi-studi\vendor\codeigniter4\framework\system\Database\BaseConnection.php(574): CodeIgniter\Database\BaseConnection->initialize()
#2 D:\Simulasi-studi\vendor\codeigniter4\framework\system\Database\BaseBuilder.php(1616): CodeIgniter\Database\BaseConnection->query('SELECT *\nFROM `...', Array, false)
#3 D:\Simulasi-studi\vendor\codeigniter4\framework\system\Model.php(268): CodeIgniter\Database\BaseBuilder->get()
#4 D:\Simulasi-studi\vendor\codeigniter4\framework\system\BaseModel.php(656): CodeIgniter\Model->doFirst()
#5 D:\Simulasi-studi\app\Controllers\AdminLogin.php(19): CodeIgniter\BaseModel->first()
#6 D:\Simulasi-studi\vendor\codeigniter4\framework\system\CodeIgniter.php(934): App\Controllers\AdminLogin->authentication()
#7 D:\Simulasi-studi\vendor\codeigniter4\framework\system\CodeIgniter.php(499): CodeIgniter\CodeIgniter->runController(Object(App\Controllers\AdminLogin))
#8 D:\Simulasi-studi\vendor\codeigniter4\framework\system\CodeIgniter.php(368): CodeIgniter\CodeIgniter->handleRequest(NULL, Object(Config\Cache), false)
#9 D:\Simulasi-studi\public\index.php(67): CodeIgniter\CodeIgniter->run()
#10 D:\Simulasi-studi\vendor\codeigniter4\framework\system\Commands\Server\rewrite.php(47): require_once('D:\\Simulasi-stu...')
#11 {main}
CRITICAL - 2023-07-02 14:15:42 --> Unable to connect to the database.
Main connection [MySQLi]: Access denied for user ''@'localhost' (using password: NO)
in SYSTEMPATH\Database\BaseConnection.php on line 427.
 1 SYSTEMPATH\Database\BaseConnection.php(574): CodeIgniter\Database\BaseConnection->initialize()
 2 SYSTEMPATH\Database\BaseBuilder.php(1616): CodeIgniter\Database\BaseConnection->query('SELECT *
FROM `admin`
WHERE `email` = :email:
 LIMIT 1', [...], false)
 3 SYSTEMPATH\Model.php(268): CodeIgniter\Database\BaseBuilder->get()
 4 SYSTEMPATH\BaseModel.php(656): CodeIgniter\Model->doFirst()
 5 APPPATH\Controllers\AdminLogin.php(19): CodeIgniter\BaseModel->first()
 6 SYSTEMPATH\CodeIgniter.php(934): App\Controllers\AdminLogin->authentication()
 7 SYSTEMPATH\CodeIgniter.php(499): CodeIgniter\CodeIgniter->runController(Object(App\Controllers\AdminLogin))
 8 SYSTEMPATH\CodeIgniter.php(368): CodeIgniter\CodeIgniter->handleRequest(null, Object(Config\Cache), false)
 9 FCPATH\index.php(67): CodeIgniter\CodeIgniter->run()
10 SYSTEMPATH\Commands\Server\rewrite.php(47): require_once('D:\\Simulasi-studi\\public\\index.php')
ERROR - 2023-07-02 14:15:44 --> Error connecting to the database: mysqli_sql_exception: Access denied for user ''@'localhost' (using password: NO) in D:\Simulasi-studi\vendor\codeigniter4\framework\system\Database\MySQLi\Connection.php:174
Stack trace:
#0 D:\Simulasi-studi\vendor\codeigniter4\framework\system\Database\MySQLi\Connection.php(174): mysqli->real_connect('localhost', '', '', '', 3306, '', 0)
#1 D:\Simulasi-studi\vendor\codeigniter4\framework\system\Database\BaseConnection.php(391): CodeIgniter\Database\MySQLi\Connection->connect(false)
#2 D:\Simulasi-studi\vendor\codeigniter4\framework\system\Database\BaseConnection.php(574): CodeIgniter\Database\BaseConnection->initialize()
#3 D:\Simulasi-studi\vendor\codeigniter4\framework\system\Database\BaseBuilder.php(1616): CodeIgniter\Database\BaseConnection->query('SELECT *\nFROM `...', Array, false)
#4 D:\Simulasi-studi\vendor\codeigniter4\framework\system\Model.php(268): CodeIgniter\Database\BaseBuilder->get()
#5 D:\Simulasi-studi\vendor\codeigniter4\framework\system\BaseModel.php(656): CodeIgniter\Model->doFirst()
#6 D:\Simulasi-studi\app\Controllers\AdminLogin.php(19): CodeIgniter\BaseModel->first()
#7 D:\Simulasi-studi\vendor\codeigniter4\framework\system\CodeIgniter.php(934): App\Controllers\AdminLogin->authentication()
#8 D:\Simulasi-studi\vendor\codeigniter4\framework\system\CodeIgniter.php(499): CodeIgniter\CodeIgniter->runController(Object(App\Controllers\AdminLogin))
#9 D:\Simulasi-studi\vendor\codeigniter4\framework\system\CodeIgniter.php(368): CodeIgniter\CodeIgniter->handleRequest(NULL, Object(Config\Cache), false)
#10 D:\Simulasi-studi\public\index.php(67): CodeIgniter\CodeIgniter->run()
#11 D:\Simulasi-studi\vendor\codeigniter4\framework\system\Commands\Server\rewrite.php(47): require_once('D:\\Simulasi-stu...')
#12 {main}

Next CodeIgniter\Database\Exceptions\DatabaseException: Access denied for user ''@'localhost' (using password: NO) in D:\Simulasi-studi\vendor\codeigniter4\framework\system\Database\MySQLi\Connection.php:218
Stack trace:
#0 D:\Simulasi-studi\vendor\codeigniter4\framework\system\Database\BaseConnection.php(391): CodeIgniter\Database\MySQLi\Connection->connect(false)
#1 D:\Simulasi-studi\vendor\codeigniter4\framework\system\Database\BaseConnection.php(574): CodeIgniter\Database\BaseConnection->initialize()
#2 D:\Simulasi-studi\vendor\codeigniter4\framework\system\Database\BaseBuilder.php(1616): CodeIgniter\Database\BaseConnection->query('SELECT *\nFROM `...', Array, false)
#3 D:\Simulasi-studi\vendor\codeigniter4\framework\system\Model.php(268): CodeIgniter\Database\BaseBuilder->get()
#4 D:\Simulasi-studi\vendor\codeigniter4\framework\system\BaseModel.php(656): CodeIgniter\Model->doFirst()
#5 D:\Simulasi-studi\app\Controllers\AdminLogin.php(19): CodeIgniter\BaseModel->first()
#6 D:\Simulasi-studi\vendor\codeigniter4\framework\system\CodeIgniter.php(934): App\Controllers\AdminLogin->authentication()
#7 D:\Simulasi-studi\vendor\codeigniter4\framework\system\CodeIgniter.php(499): CodeIgniter\CodeIgniter->runController(Object(App\Controllers\AdminLogin))
#8 D:\Simulasi-studi\vendor\codeigniter4\framework\system\CodeIgniter.php(368): CodeIgniter\CodeIgniter->handleRequest(NULL, Object(Config\Cache), false)
#9 D:\Simulasi-studi\public\index.php(67): CodeIgniter\CodeIgniter->run()
#10 D:\Simulasi-studi\vendor\codeigniter4\framework\system\Commands\Server\rewrite.php(47): require_once('D:\\Simulasi-stu...')
#11 {main}
CRITICAL - 2023-07-02 14:15:44 --> Unable to connect to the database.
Main connection [MySQLi]: Access denied for user ''@'localhost' (using password: NO)
in SYSTEMPATH\Database\BaseConnection.php on line 427.
 1 SYSTEMPATH\Database\BaseConnection.php(574): CodeIgniter\Database\BaseConnection->initialize()
 2 SYSTEMPATH\Database\BaseBuilder.php(1616): CodeIgniter\Database\BaseConnection->query('SELECT *
FROM `admin`
WHERE `email` = :email:
 LIMIT 1', [...], false)
 3 SYSTEMPATH\Model.php(268): CodeIgniter\Database\BaseBuilder->get()
 4 SYSTEMPATH\BaseModel.php(656): CodeIgniter\Model->doFirst()
 5 APPPATH\Controllers\AdminLogin.php(19): CodeIgniter\BaseModel->first()
 6 SYSTEMPATH\CodeIgniter.php(934): App\Controllers\AdminLogin->authentication()
 7 SYSTEMPATH\CodeIgniter.php(499): CodeIgniter\CodeIgniter->runController(Object(App\Controllers\AdminLogin))
 8 SYSTEMPATH\CodeIgniter.php(368): CodeIgniter\CodeIgniter->handleRequest(null, Object(Config\Cache), false)
 9 FCPATH\index.php(67): CodeIgniter\CodeIgniter->run()
10 SYSTEMPATH\Commands\Server\rewrite.php(47): require_once('D:\\Simulasi-studi\\public\\index.php')
ERROR - 2023-07-02 14:15:55 --> Error connecting to the database: mysqli_sql_exception: Access denied for user ''@'localhost' (using password: NO) in D:\Simulasi-studi\vendor\codeigniter4\framework\system\Database\MySQLi\Connection.php:174
Stack trace:
#0 D:\Simulasi-studi\vendor\codeigniter4\framework\system\Database\MySQLi\Connection.php(174): mysqli->real_connect('localhost', '', '', '', 3306, '', 0)
#1 D:\Simulasi-studi\vendor\codeigniter4\framework\system\Database\BaseConnection.php(391): CodeIgniter\Database\MySQLi\Connection->connect(false)
#2 D:\Simulasi-studi\vendor\codeigniter4\framework\system\Database\BaseConnection.php(574): CodeIgniter\Database\BaseConnection->initialize()
#3 D:\Simulasi-studi\vendor\codeigniter4\framework\system\Database\BaseBuilder.php(1616): CodeIgniter\Database\BaseConnection->query('SELECT *\nFROM `...', Array, false)
#4 D:\Simulasi-studi\vendor\codeigniter4\framework\system\Model.php(268): CodeIgniter\Database\BaseBuilder->get()
#5 D:\Simulasi-studi\vendor\codeigniter4\framework\system\BaseModel.php(656): CodeIgniter\Model->doFirst()
#6 D:\Simulasi-studi\app\Controllers\AdminLogin.php(19): CodeIgniter\BaseModel->first()
#7 D:\Simulasi-studi\vendor\codeigniter4\framework\system\CodeIgniter.php(934): App\Controllers\AdminLogin->authentication()
#8 D:\Simulasi-studi\vendor\codeigniter4\framework\system\CodeIgniter.php(499): CodeIgniter\CodeIgniter->runController(Object(App\Controllers\AdminLogin))
#9 D:\Simulasi-studi\vendor\codeigniter4\framework\system\CodeIgniter.php(368): CodeIgniter\CodeIgniter->handleRequest(NULL, Object(Config\Cache), false)
#10 D:\Simulasi-studi\public\index.php(67): CodeIgniter\CodeIgniter->run()
#11 D:\Simulasi-studi\vendor\codeigniter4\framework\system\Commands\Server\rewrite.php(47): require_once('D:\\Simulasi-stu...')
#12 {main}

Next CodeIgniter\Database\Exceptions\DatabaseException: Access denied for user ''@'localhost' (using password: NO) in D:\Simulasi-studi\vendor\codeigniter4\framework\system\Database\MySQLi\Connection.php:218
Stack trace:
#0 D:\Simulasi-studi\vendor\codeigniter4\framework\system\Database\BaseConnection.php(391): CodeIgniter\Database\MySQLi\Connection->connect(false)
#1 D:\Simulasi-studi\vendor\codeigniter4\framework\system\Database\BaseConnection.php(574): CodeIgniter\Database\BaseConnection->initialize()
#2 D:\Simulasi-studi\vendor\codeigniter4\framework\system\Database\BaseBuilder.php(1616): CodeIgniter\Database\BaseConnection->query('SELECT *\nFROM `...', Array, false)
#3 D:\Simulasi-studi\vendor\codeigniter4\framework\system\Model.php(268): CodeIgniter\Database\BaseBuilder->get()
#4 D:\Simulasi-studi\vendor\codeigniter4\framework\system\BaseModel.php(656): CodeIgniter\Model->doFirst()
#5 D:\Simulasi-studi\app\Controllers\AdminLogin.php(19): CodeIgniter\BaseModel->first()
#6 D:\Simulasi-studi\vendor\codeigniter4\framework\system\CodeIgniter.php(934): App\Controllers\AdminLogin->authentication()
#7 D:\Simulasi-studi\vendor\codeigniter4\framework\system\CodeIgniter.php(499): CodeIgniter\CodeIgniter->runController(Object(App\Controllers\AdminLogin))
#8 D:\Simulasi-studi\vendor\codeigniter4\framework\system\CodeIgniter.php(368): CodeIgniter\CodeIgniter->handleRequest(NULL, Object(Config\Cache), false)
#9 D:\Simulasi-studi\public\index.php(67): CodeIgniter\CodeIgniter->run()
#10 D:\Simulasi-studi\vendor\codeigniter4\framework\system\Commands\Server\rewrite.php(47): require_once('D:\\Simulasi-stu...')
#11 {main}
CRITICAL - 2023-07-02 14:15:55 --> Unable to connect to the database.
Main connection [MySQLi]: Access denied for user ''@'localhost' (using password: NO)
in SYSTEMPATH\Database\BaseConnection.php on line 427.
 1 SYSTEMPATH\Database\BaseConnection.php(574): CodeIgniter\Database\BaseConnection->initialize()
 2 SYSTEMPATH\Database\BaseBuilder.php(1616): CodeIgniter\Database\BaseConnection->query('SELECT *
FROM `admin`
WHERE `email` = :email:
 LIMIT 1', [...], false)
 3 SYSTEMPATH\Model.php(268): CodeIgniter\Database\BaseBuilder->get()
 4 SYSTEMPATH\BaseModel.php(656): CodeIgniter\Model->doFirst()
 5 APPPATH\Controllers\AdminLogin.php(19): CodeIgniter\BaseModel->first()
 6 SYSTEMPATH\CodeIgniter.php(934): App\Controllers\AdminLogin->authentication()
 7 SYSTEMPATH\CodeIgniter.php(499): CodeIgniter\CodeIgniter->runController(Object(App\Controllers\AdminLogin))
 8 SYSTEMPATH\CodeIgniter.php(368): CodeIgniter\CodeIgniter->handleRequest(null, Object(Config\Cache), false)
 9 FCPATH\index.php(67): CodeIgniter\CodeIgniter->run()
10 SYSTEMPATH\Commands\Server\rewrite.php(47): require_once('D:\\Simulasi-studi\\public\\index.php')
CRITICAL - 2023-07-02 14:22:46 --> Array to string conversion
in APPPATH\Views\admin\login.php on line 13.
 1 APPPATH\Views\admin\login.php(13): CodeIgniter\Debug\Exceptions->errorHandler(2, 'Array to string conversion', 'D:\\Simulasi-studi\\app\\Views\\admin\\login.php', 13)
 2 SYSTEMPATH\View\View.php(213): include('D:\\Simulasi-studi\\app\\Views\\admin\\login.php')
 3 SYSTEMPATH\View\View.php(216): CodeIgniter\View\View->CodeIgniter\View\{closure}()
 4 SYSTEMPATH\Common.php(1184): CodeIgniter\View\View->render('admin/login', [], true)
 5 APPPATH\Controllers\AdminLogin.php(12): view('admin/login')
 6 SYSTEMPATH\CodeIgniter.php(934): App\Controllers\AdminLogin->index()
 7 SYSTEMPATH\CodeIgniter.php(499): CodeIgniter\CodeIgniter->runController(Object(App\Controllers\AdminLogin))
 8 SYSTEMPATH\CodeIgniter.php(368): CodeIgniter\CodeIgniter->handleRequest(null, Object(Config\Cache), false)
 9 FCPATH\index.php(67): CodeIgniter\CodeIgniter->run()
10 SYSTEMPATH\Commands\Server\rewrite.php(47): require_once('D:\\Simulasi-studi\\public\\index.php')
CRITICAL - 2023-07-02 14:25:20 --> Array to string conversion
in APPPATH\Views\admin\login.php on line 13.
 1 APPPATH\Views\admin\login.php(13): CodeIgniter\Debug\Exceptions->errorHandler(2, 'Array to string conversion', 'D:\\Simulasi-studi\\app\\Views\\admin\\login.php', 13)
 2 SYSTEMPATH\View\View.php(213): include('D:\\Simulasi-studi\\app\\Views\\admin\\login.php')
 3 SYSTEMPATH\View\View.php(216): CodeIgniter\View\View->CodeIgniter\View\{closure}()
 4 SYSTEMPATH\Common.php(1184): CodeIgniter\View\View->render('admin/login', [], true)
 5 APPPATH\Controllers\AdminLogin.php(12): view('admin/login')
 6 SYSTEMPATH\CodeIgniter.php(934): App\Controllers\AdminLogin->index()
 7 SYSTEMPATH\CodeIgniter.php(499): CodeIgniter\CodeIgniter->runController(Object(App\Controllers\AdminLogin))
 8 SYSTEMPATH\CodeIgniter.php(368): CodeIgniter\CodeIgniter->handleRequest(null, Object(Config\Cache), false)
 9 FCPATH\index.php(67): CodeIgniter\CodeIgniter->run()
10 SYSTEMPATH\Commands\Server\rewrite.php(47): require_once('D:\\Simulasi-studi\\public\\index.php')
CRITICAL - 2023-07-02 14:25:44 --> Array to string conversion
in APPPATH\Views\admin\login.php on line 13.
 1 APPPATH\Views\admin\login.php(13): CodeIgniter\Debug\Exceptions->errorHandler(2, 'Array to string conversion', 'D:\\Simulasi-studi\\app\\Views\\admin\\login.php', 13)
 2 SYSTEMPATH\View\View.php(213): include('D:\\Simulasi-studi\\app\\Views\\admin\\login.php')
 3 SYSTEMPATH\View\View.php(216): CodeIgniter\View\View->CodeIgniter\View\{closure}()
 4 SYSTEMPATH\Common.php(1184): CodeIgniter\View\View->render('admin/login', [], true)
 5 APPPATH\Controllers\AdminLogin.php(12): view('admin/login')
 6 SYSTEMPATH\CodeIgniter.php(934): App\Controllers\AdminLogin->index()
 7 SYSTEMPATH\CodeIgniter.php(499): CodeIgniter\CodeIgniter->runController(Object(App\Controllers\AdminLogin))
 8 SYSTEMPATH\CodeIgniter.php(368): CodeIgniter\CodeIgniter->handleRequest(null, Object(Config\Cache), false)
 9 FCPATH\index.php(67): CodeIgniter\CodeIgniter->run()
10 SYSTEMPATH\Commands\Server\rewrite.php(47): require_once('D:\\Simulasi-studi\\public\\index.php')
CRITICAL - 2023-07-02 14:28:54 --> Array to string conversion
in APPPATH\Views\admin\login.php on line 13.
 1 APPPATH\Views\admin\login.php(13): CodeIgniter\Debug\Exceptions->errorHandler(2, 'Array to string conversion', 'D:\\Simulasi-studi\\app\\Views\\admin\\login.php', 13)
 2 SYSTEMPATH\View\View.php(213): include('D:\\Simulasi-studi\\app\\Views\\admin\\login.php')
 3 SYSTEMPATH\View\View.php(216): CodeIgniter\View\View->CodeIgniter\View\{closure}()
 4 SYSTEMPATH\Common.php(1184): CodeIgniter\View\View->render('admin/login', [], true)
 5 APPPATH\Controllers\AdminLogin.php(12): view('admin/login')
 6 SYSTEMPATH\CodeIgniter.php(934): App\Controllers\AdminLogin->index()
 7 SYSTEMPATH\CodeIgniter.php(499): CodeIgniter\CodeIgniter->runController(Object(App\Controllers\AdminLogin))
 8 SYSTEMPATH\CodeIgniter.php(368): CodeIgniter\CodeIgniter->handleRequest(null, Object(Config\Cache), false)
 9 FCPATH\index.php(67): CodeIgniter\CodeIgniter->run()
10 SYSTEMPATH\Commands\Server\rewrite.php(47): require_once('D:\\Simulasi-studi\\public\\index.php')
CRITICAL - 2023-07-02 14:29:48 --> Array to string conversion
in APPPATH\Views\admin\login.php on line 13.
 1 APPPATH\Views\admin\login.php(13): CodeIgniter\Debug\Exceptions->errorHandler(2, 'Array to string conversion', 'D:\\Simulasi-studi\\app\\Views\\admin\\login.php', 13)
 2 SYSTEMPATH\View\View.php(213): include('D:\\Simulasi-studi\\app\\Views\\admin\\login.php')
 3 SYSTEMPATH\View\View.php(216): CodeIgniter\View\View->CodeIgniter\View\{closure}()
 4 SYSTEMPATH\Common.php(1184): CodeIgniter\View\View->render('admin/login', [], true)
 5 APPPATH\Controllers\AdminLogin.php(12): view('admin/login')
 6 SYSTEMPATH\CodeIgniter.php(934): App\Controllers\AdminLogin->index()
 7 SYSTEMPATH\CodeIgniter.php(499): CodeIgniter\CodeIgniter->runController(Object(App\Controllers\AdminLogin))
 8 SYSTEMPATH\CodeIgniter.php(368): CodeIgniter\CodeIgniter->handleRequest(null, Object(Config\Cache), false)
 9 FCPATH\index.php(67): CodeIgniter\CodeIgniter->run()
10 SYSTEMPATH\Commands\Server\rewrite.php(47): require_once('D:\\Simulasi-studi\\public\\index.php')
CRITICAL - 2023-07-02 14:30:26 --> Array to string conversion
in APPPATH\Views\admin\login.php on line 13.
 1 APPPATH\Views\admin\login.php(13): CodeIgniter\Debug\Exceptions->errorHandler(2, 'Array to string conversion', 'D:\\Simulasi-studi\\app\\Views\\admin\\login.php', 13)
 2 SYSTEMPATH\View\View.php(213): include('D:\\Simulasi-studi\\app\\Views\\admin\\login.php')
 3 SYSTEMPATH\View\View.php(216): CodeIgniter\View\View->CodeIgniter\View\{closure}()
 4 SYSTEMPATH\Common.php(1184): CodeIgniter\View\View->render('admin/login', [], true)
 5 APPPATH\Controllers\AdminLogin.php(12): view('admin/login')
 6 SYSTEMPATH\CodeIgniter.php(934): App\Controllers\AdminLogin->index()
 7 SYSTEMPATH\CodeIgniter.php(499): CodeIgniter\CodeIgniter->runController(Object(App\Controllers\AdminLogin))
 8 SYSTEMPATH\CodeIgniter.php(368): CodeIgniter\CodeIgniter->handleRequest(null, Object(Config\Cache), false)
 9 FCPATH\index.php(67): CodeIgniter\CodeIgniter->run()
10 SYSTEMPATH\Commands\Server\rewrite.php(47): require_once('D:\\Simulasi-studi\\public\\index.php')
CRITICAL - 2023-07-02 14:31:37 --> Array to string conversion
in APPPATH\Views\admin\login.php on line 13.
 1 APPPATH\Views\admin\login.php(13): CodeIgniter\Debug\Exceptions->errorHandler(2, 'Array to string conversion', 'D:\\Simulasi-studi\\app\\Views\\admin\\login.php', 13)
 2 SYSTEMPATH\View\View.php(213): include('D:\\Simulasi-studi\\app\\Views\\admin\\login.php')
 3 SYSTEMPATH\View\View.php(216): CodeIgniter\View\View->CodeIgniter\View\{closure}()
 4 SYSTEMPATH\Common.php(1184): CodeIgniter\View\View->render('admin/login', [], true)
 5 APPPATH\Controllers\AdminLogin.php(12): view('admin/login')
 6 SYSTEMPATH\CodeIgniter.php(934): App\Controllers\AdminLogin->index()
 7 SYSTEMPATH\CodeIgniter.php(499): CodeIgniter\CodeIgniter->runController(Object(App\Controllers\AdminLogin))
 8 SYSTEMPATH\CodeIgniter.php(368): CodeIgniter\CodeIgniter->handleRequest(null, Object(Config\Cache), false)
 9 FCPATH\index.php(67): CodeIgniter\CodeIgniter->run()
10 SYSTEMPATH\Commands\Server\rewrite.php(47): require_once('D:\\Simulasi-studi\\public\\index.php')
CRITICAL - 2023-07-02 14:32:29 --> Array to string conversion
in APPPATH\Views\admin\login.php on line 13.
 1 APPPATH\Views\admin\login.php(13): CodeIgniter\Debug\Exceptions->errorHandler(2, 'Array to string conversion', 'D:\\Simulasi-studi\\app\\Views\\admin\\login.php', 13)
 2 SYSTEMPATH\View\View.php(213): include('D:\\Simulasi-studi\\app\\Views\\admin\\login.php')
 3 SYSTEMPATH\View\View.php(216): CodeIgniter\View\View->CodeIgniter\View\{closure}()
 4 SYSTEMPATH\Common.php(1184): CodeIgniter\View\View->render('admin/login', [], true)
 5 APPPATH\Controllers\AdminLogin.php(12): view('admin/login')
 6 SYSTEMPATH\CodeIgniter.php(934): App\Controllers\AdminLogin->index()
 7 SYSTEMPATH\CodeIgniter.php(499): CodeIgniter\CodeIgniter->runController(Object(App\Controllers\AdminLogin))
 8 SYSTEMPATH\CodeIgniter.php(368): CodeIgniter\CodeIgniter->handleRequest(null, Object(Config\Cache), false)
 9 FCPATH\index.php(67): CodeIgniter\CodeIgniter->run()
10 SYSTEMPATH\Commands\Server\rewrite.php(47): require_once('D:\\Simulasi-studi\\public\\index.php')
CRITICAL - 2023-07-02 14:32:36 --> Array to string conversion
in APPPATH\Views\admin\login.php on line 13.
 1 APPPATH\Views\admin\login.php(13): CodeIgniter\Debug\Exceptions->errorHandler(2, 'Array to string conversion', 'D:\\Simulasi-studi\\app\\Views\\admin\\login.php', 13)
 2 SYSTEMPATH\View\View.php(213): include('D:\\Simulasi-studi\\app\\Views\\admin\\login.php')
 3 SYSTEMPATH\View\View.php(216): CodeIgniter\View\View->CodeIgniter\View\{closure}()
 4 SYSTEMPATH\Common.php(1184): CodeIgniter\View\View->render('admin/login', [], true)
 5 APPPATH\Controllers\AdminLogin.php(12): view('admin/login')
 6 SYSTEMPATH\CodeIgniter.php(934): App\Controllers\AdminLogin->index()
 7 SYSTEMPATH\CodeIgniter.php(499): CodeIgniter\CodeIgniter->runController(Object(App\Controllers\AdminLogin))
 8 SYSTEMPATH\CodeIgniter.php(368): CodeIgniter\CodeIgniter->handleRequest(null, Object(Config\Cache), false)
 9 FCPATH\index.php(67): CodeIgniter\CodeIgniter->run()
10 SYSTEMPATH\Commands\Server\rewrite.php(47): require_once('D:\\Simulasi-studi\\public\\index.php')
CRITICAL - 2023-07-02 14:34:39 --> Array to string conversion
in APPPATH\Views\admin\login.php on line 13.
 1 APPPATH\Views\admin\login.php(13): CodeIgniter\Debug\Exceptions->errorHandler(2, 'Array to string conversion', 'D:\\Simulasi-studi\\app\\Views\\admin\\login.php', 13)
 2 SYSTEMPATH\View\View.php(213): include('D:\\Simulasi-studi\\app\\Views\\admin\\login.php')
 3 SYSTEMPATH\View\View.php(216): CodeIgniter\View\View->CodeIgniter\View\{closure}()
 4 SYSTEMPATH\Common.php(1184): CodeIgniter\View\View->render('admin/login', [], true)
 5 APPPATH\Controllers\AdminLogin.php(12): view('admin/login')
 6 SYSTEMPATH\CodeIgniter.php(934): App\Controllers\AdminLogin->index()
 7 SYSTEMPATH\CodeIgniter.php(499): CodeIgniter\CodeIgniter->runController(Object(App\Controllers\AdminLogin))
 8 SYSTEMPATH\CodeIgniter.php(368): CodeIgniter\CodeIgniter->handleRequest(null, Object(Config\Cache), false)
 9 FCPATH\index.php(67): CodeIgniter\CodeIgniter->run()
10 SYSTEMPATH\Commands\Server\rewrite.php(47): require_once('D:\\Simulasi-studi\\public\\index.php')
CRITICAL - 2023-07-02 14:36:27 --> Array to string conversion
in APPPATH\Views\admin\login.php on line 13.
 1 APPPATH\Views\admin\login.php(13): CodeIgniter\Debug\Exceptions->errorHandler(2, 'Array to string conversion', 'D:\\Simulasi-studi\\app\\Views\\admin\\login.php', 13)
 2 SYSTEMPATH\View\View.php(213): include('D:\\Simulasi-studi\\app\\Views\\admin\\login.php')
 3 SYSTEMPATH\View\View.php(216): CodeIgniter\View\View->CodeIgniter\View\{closure}()
 4 SYSTEMPATH\Common.php(1184): CodeIgniter\View\View->render('admin/login', [], true)
 5 APPPATH\Controllers\AdminLogin.php(12): view('admin/login')
 6 SYSTEMPATH\CodeIgniter.php(934): App\Controllers\AdminLogin->index()
 7 SYSTEMPATH\CodeIgniter.php(499): CodeIgniter\CodeIgniter->runController(Object(App\Controllers\AdminLogin))
 8 SYSTEMPATH\CodeIgniter.php(368): CodeIgniter\CodeIgniter->handleRequest(null, Object(Config\Cache), false)
 9 FCPATH\index.php(67): CodeIgniter\CodeIgniter->run()
10 SYSTEMPATH\Commands\Server\rewrite.php(47): require_once('D:\\Simulasi-studi\\public\\index.php')
CRITICAL - 2023-07-02 14:37:10 --> Array to string conversion
in APPPATH\Views\admin\login.php on line 13.
 1 APPPATH\Views\admin\login.php(13): CodeIgniter\Debug\Exceptions->errorHandler(2, 'Array to string conversion', 'D:\\Simulasi-studi\\app\\Views\\admin\\login.php', 13)
 2 SYSTEMPATH\View\View.php(213): include('D:\\Simulasi-studi\\app\\Views\\admin\\login.php')
 3 SYSTEMPATH\View\View.php(216): CodeIgniter\View\View->CodeIgniter\View\{closure}()
 4 SYSTEMPATH\Common.php(1184): CodeIgniter\View\View->render('admin/login', [], true)
 5 APPPATH\Controllers\AdminLogin.php(12): view('admin/login')
 6 SYSTEMPATH\CodeIgniter.php(934): App\Controllers\AdminLogin->index()
 7 SYSTEMPATH\CodeIgniter.php(499): CodeIgniter\CodeIgniter->runController(Object(App\Controllers\AdminLogin))
 8 SYSTEMPATH\CodeIgniter.php(368): CodeIgniter\CodeIgniter->handleRequest(null, Object(Config\Cache), false)
 9 FCPATH\index.php(67): CodeIgniter\CodeIgniter->run()
10 SYSTEMPATH\Commands\Server\rewrite.php(47): require_once('D:\\Simulasi-studi\\public\\index.php')
CRITICAL - 2023-07-02 14:37:13 --> Array to string conversion
in APPPATH\Views\admin\login.php on line 13.
 1 APPPATH\Views\admin\login.php(13): CodeIgniter\Debug\Exceptions->errorHandler(2, 'Array to string conversion', 'D:\\Simulasi-studi\\app\\Views\\admin\\login.php', 13)
 2 SYSTEMPATH\View\View.php(213): include('D:\\Simulasi-studi\\app\\Views\\admin\\login.php')
 3 SYSTEMPATH\View\View.php(216): CodeIgniter\View\View->CodeIgniter\View\{closure}()
 4 SYSTEMPATH\Common.php(1184): CodeIgniter\View\View->render('admin/login', [], true)
 5 APPPATH\Controllers\AdminLogin.php(12): view('admin/login')
 6 SYSTEMPATH\CodeIgniter.php(934): App\Controllers\AdminLogin->index()
 7 SYSTEMPATH\CodeIgniter.php(499): CodeIgniter\CodeIgniter->runController(Object(App\Controllers\AdminLogin))
 8 SYSTEMPATH\CodeIgniter.php(368): CodeIgniter\CodeIgniter->handleRequest(null, Object(Config\Cache), false)
 9 FCPATH\index.php(67): CodeIgniter\CodeIgniter->run()
10 SYSTEMPATH\Commands\Server\rewrite.php(47): require_once('D:\\Simulasi-studi\\public\\index.php')
CRITICAL - 2023-07-02 14:38:28 --> Array to string conversion
in APPPATH\Views\admin\login.php on line 13.
 1 APPPATH\Views\admin\login.php(13): CodeIgniter\Debug\Exceptions->errorHandler(2, 'Array to string conversion', 'D:\\Simulasi-studi\\app\\Views\\admin\\login.php', 13)
 2 SYSTEMPATH\View\View.php(213): include('D:\\Simulasi-studi\\app\\Views\\admin\\login.php')
 3 SYSTEMPATH\View\View.php(216): CodeIgniter\View\View->CodeIgniter\View\{closure}()
 4 SYSTEMPATH\Common.php(1184): CodeIgniter\View\View->render('admin/login', [], true)
 5 APPPATH\Controllers\AdminLogin.php(12): view('admin/login')
 6 SYSTEMPATH\CodeIgniter.php(934): App\Controllers\AdminLogin->index()
 7 SYSTEMPATH\CodeIgniter.php(499): CodeIgniter\CodeIgniter->runController(Object(App\Controllers\AdminLogin))
 8 SYSTEMPATH\CodeIgniter.php(368): CodeIgniter\CodeIgniter->handleRequest(null, Object(Config\Cache), false)
 9 FCPATH\index.php(67): CodeIgniter\CodeIgniter->run()
10 SYSTEMPATH\Commands\Server\rewrite.php(47): require_once('D:\\Simulasi-studi\\public\\index.php')
CRITICAL - 2023-07-02 14:40:14 --> Array to string conversion
in APPPATH\Views\admin\login.php on line 13.
 1 APPPATH\Views\admin\login.php(13): CodeIgniter\Debug\Exceptions->errorHandler(2, 'Array to string conversion', 'D:\\Simulasi-studi\\app\\Views\\admin\\login.php', 13)
 2 SYSTEMPATH\View\View.php(213): include('D:\\Simulasi-studi\\app\\Views\\admin\\login.php')
 3 SYSTEMPATH\View\View.php(216): CodeIgniter\View\View->CodeIgniter\View\{closure}()
 4 SYSTEMPATH\Common.php(1184): CodeIgniter\View\View->render('admin/login', [], true)
 5 APPPATH\Controllers\AdminLogin.php(12): view('admin/login')
 6 SYSTEMPATH\CodeIgniter.php(934): App\Controllers\AdminLogin->index()
 7 SYSTEMPATH\CodeIgniter.php(499): CodeIgniter\CodeIgniter->runController(Object(App\Controllers\AdminLogin))
 8 SYSTEMPATH\CodeIgniter.php(368): CodeIgniter\CodeIgniter->handleRequest(null, Object(Config\Cache), false)
 9 FCPATH\index.php(67): CodeIgniter\CodeIgniter->run()
10 SYSTEMPATH\Commands\Server\rewrite.php(47): require_once('D:\\Simulasi-studi\\public\\index.php')
CRITICAL - 2023-07-02 14:41:15 --> Array to string conversion
in APPPATH\Views\admin\login.php on line 13.
 1 APPPATH\Views\admin\login.php(13): CodeIgniter\Debug\Exceptions->errorHandler(2, 'Array to string conversion', 'D:\\Simulasi-studi\\app\\Views\\admin\\login.php', 13)
 2 SYSTEMPATH\View\View.php(213): include('D:\\Simulasi-studi\\app\\Views\\admin\\login.php')
 3 SYSTEMPATH\View\View.php(216): CodeIgniter\View\View->CodeIgniter\View\{closure}()
 4 SYSTEMPATH\Common.php(1184): CodeIgniter\View\View->render('admin/login', [], true)
 5 APPPATH\Controllers\AdminLogin.php(12): view('admin/login')
 6 SYSTEMPATH\CodeIgniter.php(934): App\Controllers\AdminLogin->index()
 7 SYSTEMPATH\CodeIgniter.php(499): CodeIgniter\CodeIgniter->runController(Object(App\Controllers\AdminLogin))
 8 SYSTEMPATH\CodeIgniter.php(368): CodeIgniter\CodeIgniter->handleRequest(null, Object(Config\Cache), false)
 9 FCPATH\index.php(67): CodeIgniter\CodeIgniter->run()
10 SYSTEMPATH\Commands\Server\rewrite.php(47): require_once('D:\\Simulasi-studi\\public\\index.php')
CRITICAL - 2023-07-02 14:41:35 --> Array to string conversion
in APPPATH\Views\admin\login.php on line 13.
 1 APPPATH\Views\admin\login.php(13): CodeIgniter\Debug\Exceptions->errorHandler(2, 'Array to string conversion', 'D:\\Simulasi-studi\\app\\Views\\admin\\login.php', 13)
 2 SYSTEMPATH\View\View.php(213): include('D:\\Simulasi-studi\\app\\Views\\admin\\login.php')
 3 SYSTEMPATH\View\View.php(216): CodeIgniter\View\View->CodeIgniter\View\{closure}()
 4 SYSTEMPATH\Common.php(1184): CodeIgniter\View\View->render('admin/login', [], true)
 5 APPPATH\Controllers\AdminLogin.php(12): view('admin/login')
 6 SYSTEMPATH\CodeIgniter.php(934): App\Controllers\AdminLogin->index()
 7 SYSTEMPATH\CodeIgniter.php(499): CodeIgniter\CodeIgniter->runController(Object(App\Controllers\AdminLogin))
 8 SYSTEMPATH\CodeIgniter.php(368): CodeIgniter\CodeIgniter->handleRequest(null, Object(Config\Cache), false)
 9 FCPATH\index.php(67): CodeIgniter\CodeIgniter->run()
10 SYSTEMPATH\Commands\Server\rewrite.php(47): require_once('D:\\Simulasi-studi\\public\\index.php')
CRITICAL - 2023-07-02 14:47:39 --> Array to string conversion
in APPPATH\Views\admin\login.php on line 16.
 1 APPPATH\Views\admin\login.php(16): CodeIgniter\Debug\Exceptions->errorHandler(2, 'Array to string conversion', 'D:\\Simulasi-studi\\app\\Views\\admin\\login.php', 16)
 2 SYSTEMPATH\View\View.php(213): include('D:\\Simulasi-studi\\app\\Views\\admin\\login.php')
 3 SYSTEMPATH\View\View.php(216): CodeIgniter\View\View->CodeIgniter\View\{closure}()
 4 SYSTEMPATH\Common.php(1184): CodeIgniter\View\View->render('admin/login', [], true)
 5 APPPATH\Controllers\AdminLogin.php(12): view('admin/login')
 6 SYSTEMPATH\CodeIgniter.php(934): App\Controllers\AdminLogin->index()
 7 SYSTEMPATH\CodeIgniter.php(499): CodeIgniter\CodeIgniter->runController(Object(App\Controllers\AdminLogin))
 8 SYSTEMPATH\CodeIgniter.php(368): CodeIgniter\CodeIgniter->handleRequest(null, Object(Config\Cache), false)
 9 FCPATH\index.php(67): CodeIgniter\CodeIgniter->run()
10 SYSTEMPATH\Commands\Server\rewrite.php(47): require_once('D:\\Simulasi-studi\\public\\index.php')
CRITICAL - 2023-07-02 14:48:20 --> Array to string conversion
in APPPATH\Views\admin\login.php on line 16.
 1 APPPATH\Views\admin\login.php(16): CodeIgniter\Debug\Exceptions->errorHandler(2, 'Array to string conversion', 'D:\\Simulasi-studi\\app\\Views\\admin\\login.php', 16)
 2 SYSTEMPATH\View\View.php(213): include('D:\\Simulasi-studi\\app\\Views\\admin\\login.php')
 3 SYSTEMPATH\View\View.php(216): CodeIgniter\View\View->CodeIgniter\View\{closure}()
 4 SYSTEMPATH\Common.php(1184): CodeIgniter\View\View->render('admin/login', [], true)
 5 APPPATH\Controllers\AdminLogin.php(12): view('admin/login')
 6 SYSTEMPATH\CodeIgniter.php(934): App\Controllers\AdminLogin->index()
 7 SYSTEMPATH\CodeIgniter.php(499): CodeIgniter\CodeIgniter->runController(Object(App\Controllers\AdminLogin))
 8 SYSTEMPATH\CodeIgniter.php(368): CodeIgniter\CodeIgniter->handleRequest(null, Object(Config\Cache), false)
 9 FCPATH\index.php(67): CodeIgniter\CodeIgniter->run()
10 SYSTEMPATH\Commands\Server\rewrite.php(47): require_once('D:\\Simulasi-studi\\public\\index.php')
CRITICAL - 2023-07-02 14:48:34 --> Array to string conversion
in APPPATH\Views\admin\login.php on line 16.
 1 APPPATH\Views\admin\login.php(16): CodeIgniter\Debug\Exceptions->errorHandler(2, 'Array to string conversion', 'D:\\Simulasi-studi\\app\\Views\\admin\\login.php', 16)
 2 SYSTEMPATH\View\View.php(213): include('D:\\Simulasi-studi\\app\\Views\\admin\\login.php')
 3 SYSTEMPATH\View\View.php(216): CodeIgniter\View\View->CodeIgniter\View\{closure}()
 4 SYSTEMPATH\Common.php(1184): CodeIgniter\View\View->render('admin/login', [], true)
 5 APPPATH\Controllers\AdminLogin.php(12): view('admin/login')
 6 SYSTEMPATH\CodeIgniter.php(934): App\Controllers\AdminLogin->index()
 7 SYSTEMPATH\CodeIgniter.php(499): CodeIgniter\CodeIgniter->runController(Object(App\Controllers\AdminLogin))
 8 SYSTEMPATH\CodeIgniter.php(368): CodeIgniter\CodeIgniter->handleRequest(null, Object(Config\Cache), false)
 9 FCPATH\index.php(67): CodeIgniter\CodeIgniter->run()
10 SYSTEMPATH\Commands\Server\rewrite.php(47): require_once('D:\\Simulasi-studi\\public\\index.php')
CRITICAL - 2023-07-02 14:48:42 --> Array to string conversion
in APPPATH\Views\admin\login.php on line 16.
 1 APPPATH\Views\admin\login.php(16): CodeIgniter\Debug\Exceptions->errorHandler(2, 'Array to string conversion', 'D:\\Simulasi-studi\\app\\Views\\admin\\login.php', 16)
 2 SYSTEMPATH\View\View.php(213): include('D:\\Simulasi-studi\\app\\Views\\admin\\login.php')
 3 SYSTEMPATH\View\View.php(216): CodeIgniter\View\View->CodeIgniter\View\{closure}()
 4 SYSTEMPATH\Common.php(1184): CodeIgniter\View\View->render('admin/login', [], true)
 5 APPPATH\Controllers\AdminLogin.php(12): view('admin/login')
 6 SYSTEMPATH\CodeIgniter.php(934): App\Controllers\AdminLogin->index()
 7 SYSTEMPATH\CodeIgniter.php(499): CodeIgniter\CodeIgniter->runController(Object(App\Controllers\AdminLogin))
 8 SYSTEMPATH\CodeIgniter.php(368): CodeIgniter\CodeIgniter->handleRequest(null, Object(Config\Cache), false)
 9 FCPATH\index.php(67): CodeIgniter\CodeIgniter->run()
10 SYSTEMPATH\Commands\Server\rewrite.php(47): require_once('D:\\Simulasi-studi\\public\\index.php')
CRITICAL - 2023-07-02 14:48:59 --> Array to string conversion
in APPPATH\Views\admin\login.php on line 16.
 1 APPPATH\Views\admin\login.php(16): CodeIgniter\Debug\Exceptions->errorHandler(2, 'Array to string conversion', 'D:\\Simulasi-studi\\app\\Views\\admin\\login.php', 16)
 2 SYSTEMPATH\View\View.php(213): include('D:\\Simulasi-studi\\app\\Views\\admin\\login.php')
 3 SYSTEMPATH\View\View.php(216): CodeIgniter\View\View->CodeIgniter\View\{closure}()
 4 SYSTEMPATH\Common.php(1184): CodeIgniter\View\View->render('admin/login', [], true)
 5 APPPATH\Controllers\AdminLogin.php(12): view('admin/login')
 6 SYSTEMPATH\CodeIgniter.php(934): App\Controllers\AdminLogin->index()
 7 SYSTEMPATH\CodeIgniter.php(499): CodeIgniter\CodeIgniter->runController(Object(App\Controllers\AdminLogin))
 8 SYSTEMPATH\CodeIgniter.php(368): CodeIgniter\CodeIgniter->handleRequest(null, Object(Config\Cache), false)
 9 FCPATH\index.php(67): CodeIgniter\CodeIgniter->run()
10 SYSTEMPATH\Commands\Server\rewrite.php(47): require_once('D:\\Simulasi-studi\\public\\index.php')
CRITICAL - 2023-07-02 14:49:53 --> Array to string conversion
in APPPATH\Views\admin\login.php on line 16.
 1 APPPATH\Views\admin\login.php(16): CodeIgniter\Debug\Exceptions->errorHandler(2, 'Array to string conversion', 'D:\\Simulasi-studi\\app\\Views\\admin\\login.php', 16)
 2 SYSTEMPATH\View\View.php(213): include('D:\\Simulasi-studi\\app\\Views\\admin\\login.php')
 3 SYSTEMPATH\View\View.php(216): CodeIgniter\View\View->CodeIgniter\View\{closure}()
 4 SYSTEMPATH\Common.php(1184): CodeIgniter\View\View->render('admin/login', [], true)
 5 APPPATH\Controllers\AdminLogin.php(12): view('admin/login')
 6 SYSTEMPATH\CodeIgniter.php(934): App\Controllers\AdminLogin->index()
 7 SYSTEMPATH\CodeIgniter.php(499): CodeIgniter\CodeIgniter->runController(Object(App\Controllers\AdminLogin))
 8 SYSTEMPATH\CodeIgniter.php(368): CodeIgniter\CodeIgniter->handleRequest(null, Object(Config\Cache), false)
 9 FCPATH\index.php(67): CodeIgniter\CodeIgniter->run()
10 SYSTEMPATH\Commands\Server\rewrite.php(47): require_once('D:\\Simulasi-studi\\public\\index.php')
CRITICAL - 2023-07-02 14:50:40 --> Array to string conversion
in APPPATH\Views\admin\login.php on line 16.
 1 APPPATH\Views\admin\login.php(16): CodeIgniter\Debug\Exceptions->errorHandler(2, 'Array to string conversion', 'D:\\Simulasi-studi\\app\\Views\\admin\\login.php', 16)
 2 SYSTEMPATH\View\View.php(213): include('D:\\Simulasi-studi\\app\\Views\\admin\\login.php')
 3 SYSTEMPATH\View\View.php(216): CodeIgniter\View\View->CodeIgniter\View\{closure}()
 4 SYSTEMPATH\Common.php(1184): CodeIgniter\View\View->render('admin/login', [], true)
 5 APPPATH\Controllers\AdminLogin.php(12): view('admin/login')
 6 SYSTEMPATH\CodeIgniter.php(934): App\Controllers\AdminLogin->index()
 7 SYSTEMPATH\CodeIgniter.php(499): CodeIgniter\CodeIgniter->runController(Object(App\Controllers\AdminLogin))
 8 SYSTEMPATH\CodeIgniter.php(368): CodeIgniter\CodeIgniter->handleRequest(null, Object(Config\Cache), false)
 9 FCPATH\index.php(67): CodeIgniter\CodeIgniter->run()
10 SYSTEMPATH\Commands\Server\rewrite.php(47): require_once('D:\\Simulasi-studi\\public\\index.php')
CRITICAL - 2023-07-02 14:50:52 --> Array to string conversion
in APPPATH\Views\admin\login.php on line 16.
 1 APPPATH\Views\admin\login.php(16): CodeIgniter\Debug\Exceptions->errorHandler(2, 'Array to string conversion', 'D:\\Simulasi-studi\\app\\Views\\admin\\login.php', 16)
 2 SYSTEMPATH\View\View.php(213): include('D:\\Simulasi-studi\\app\\Views\\admin\\login.php')
 3 SYSTEMPATH\View\View.php(216): CodeIgniter\View\View->CodeIgniter\View\{closure}()
 4 SYSTEMPATH\Common.php(1184): CodeIgniter\View\View->render('admin/login', [], true)
 5 APPPATH\Controllers\AdminLogin.php(12): view('admin/login')
 6 SYSTEMPATH\CodeIgniter.php(934): App\Controllers\AdminLogin->index()
 7 SYSTEMPATH\CodeIgniter.php(499): CodeIgniter\CodeIgniter->runController(Object(App\Controllers\AdminLogin))
 8 SYSTEMPATH\CodeIgniter.php(368): CodeIgniter\CodeIgniter->handleRequest(null, Object(Config\Cache), false)
 9 FCPATH\index.php(67): CodeIgniter\CodeIgniter->run()
10 SYSTEMPATH\Commands\Server\rewrite.php(47): require_once('D:\\Simulasi-studi\\public\\index.php')
CRITICAL - 2023-07-02 14:53:09 --> Array to string conversion
in APPPATH\Views\admin\login.php on line 16.
 1 APPPATH\Views\admin\login.php(16): CodeIgniter\Debug\Exceptions->errorHandler(2, 'Array to string conversion', 'D:\\Simulasi-studi\\app\\Views\\admin\\login.php', 16)
 2 SYSTEMPATH\View\View.php(213): include('D:\\Simulasi-studi\\app\\Views\\admin\\login.php')
 3 SYSTEMPATH\View\View.php(216): CodeIgniter\View\View->CodeIgniter\View\{closure}()
 4 SYSTEMPATH\Common.php(1184): CodeIgniter\View\View->render('admin/login', [], true)
 5 APPPATH\Controllers\AdminLogin.php(16): view('admin/login')
 6 SYSTEMPATH\CodeIgniter.php(934): App\Controllers\AdminLogin->index()
 7 SYSTEMPATH\CodeIgniter.php(499): CodeIgniter\CodeIgniter->runController(Object(App\Controllers\AdminLogin))
 8 SYSTEMPATH\CodeIgniter.php(368): CodeIgniter\CodeIgniter->handleRequest(null, Object(Config\Cache), false)
 9 FCPATH\index.php(67): CodeIgniter\CodeIgniter->run()
10 SYSTEMPATH\Commands\Server\rewrite.php(47): require_once('D:\\Simulasi-studi\\public\\index.php')
CRITICAL - 2023-07-02 23:41:04 --> Undefined property: App\Controllers\simDataController::$db
in APPPATH\Controllers\simDataController.php on line 22.
 1 APPPATH\Controllers\simDataController.php(22): CodeIgniter\Debug\Exceptions->errorHandler(2, 'Undefined property: App\\Controllers\\simDataController::$db', 'D:\\Simulasi-studi\\app\\Controllers\\simDataController.php', 22)
 2 SYSTEMPATH\CodeIgniter.php(934): App\Controllers\simDataController->fakultas_store()
 3 SYSTEMPATH\CodeIgniter.php(499): CodeIgniter\CodeIgniter->runController(Object(App\Controllers\simDataController))
 4 SYSTEMPATH\CodeIgniter.php(368): CodeIgniter\CodeIgniter->handleRequest(null, Object(Config\Cache), false)
 5 FCPATH\index.php(67): CodeIgniter\CodeIgniter->run()
 6 SYSTEMPATH\Commands\Server\rewrite.php(47): require_once('D:\\Simulasi-studi\\public\\index.php')
CRITICAL - 2023-07-02 23:41:20 --> Undefined property: App\Controllers\simDataController::$db
in APPPATH\Controllers\simDataController.php on line 22.
 1 APPPATH\Controllers\simDataController.php(22): CodeIgniter\Debug\Exceptions->errorHandler(2, 'Undefined property: App\\Controllers\\simDataController::$db', 'D:\\Simulasi-studi\\app\\Controllers\\simDataController.php', 22)
 2 SYSTEMPATH\CodeIgniter.php(934): App\Controllers\simDataController->fakultas_store()
 3 SYSTEMPATH\CodeIgniter.php(499): CodeIgniter\CodeIgniter->runController(Object(App\Controllers\simDataController))
 4 SYSTEMPATH\CodeIgniter.php(368): CodeIgniter\CodeIgniter->handleRequest(null, Object(Config\Cache), false)
 5 FCPATH\index.php(67): CodeIgniter\CodeIgniter->run()
 6 SYSTEMPATH\Commands\Server\rewrite.php(47): require_once('D:\\Simulasi-studi\\public\\index.php')
CRITICAL - 2023-07-02 23:42:05 --> Undefined property: App\Controllers\simDataController::$db
in APPPATH\Controllers\simDataController.php on line 22.
 1 APPPATH\Controllers\simDataController.php(22): CodeIgniter\Debug\Exceptions->errorHandler(2, 'Undefined property: App\\Controllers\\simDataController::$db', 'D:\\Simulasi-studi\\app\\Controllers\\simDataController.php', 22)
 2 SYSTEMPATH\CodeIgniter.php(934): App\Controllers\simDataController->fakultas_store()
 3 SYSTEMPATH\CodeIgniter.php(499): CodeIgniter\CodeIgniter->runController(Object(App\Controllers\simDataController))
 4 SYSTEMPATH\CodeIgniter.php(368): CodeIgniter\CodeIgniter->handleRequest(null, Object(Config\Cache), false)
 5 FCPATH\index.php(67): CodeIgniter\CodeIgniter->run()
 6 SYSTEMPATH\Commands\Server\rewrite.php(47): require_once('D:\\Simulasi-studi\\public\\index.php')
CRITICAL - 2023-07-02 23:43:33 --> Undefined property: App\Controllers\simDataController::$db
in APPPATH\Controllers\simDataController.php on line 22.
 1 APPPATH\Controllers\simDataController.php(22): CodeIgniter\Debug\Exceptions->errorHandler(2, 'Undefined property: App\\Controllers\\simDataController::$db', 'D:\\Simulasi-studi\\app\\Controllers\\simDataController.php', 22)
 2 SYSTEMPATH\CodeIgniter.php(934): App\Controllers\simDataController->fakultas_store()
 3 SYSTEMPATH\CodeIgniter.php(499): CodeIgniter\CodeIgniter->runController(Object(App\Controllers\simDataController))
 4 SYSTEMPATH\CodeIgniter.php(368): CodeIgniter\CodeIgniter->handleRequest(null, Object(Config\Cache), false)
 5 FCPATH\index.php(67): CodeIgniter\CodeIgniter->run()
 6 SYSTEMPATH\Commands\Server\rewrite.php(47): require_once('D:\\Simulasi-studi\\public\\index.php')
CRITICAL - 2023-07-02 23:43:38 --> Undefined property: App\Controllers\simDataController::$db
in APPPATH\Controllers\simDataController.php on line 22.
 1 APPPATH\Controllers\simDataController.php(22): CodeIgniter\Debug\Exceptions->errorHandler(2, 'Undefined property: App\\Controllers\\simDataController::$db', 'D:\\Simulasi-studi\\app\\Controllers\\simDataController.php', 22)
 2 SYSTEMPATH\CodeIgniter.php(934): App\Controllers\simDataController->fakultas_store()
 3 SYSTEMPATH\CodeIgniter.php(499): CodeIgniter\CodeIgniter->runController(Object(App\Controllers\simDataController))
 4 SYSTEMPATH\CodeIgniter.php(368): CodeIgniter\CodeIgniter->handleRequest(null, Object(Config\Cache), false)
 5 FCPATH\index.php(67): CodeIgniter\CodeIgniter->run()
 6 SYSTEMPATH\Commands\Server\rewrite.php(47): require_once('D:\\Simulasi-studi\\public\\index.php')
CRITICAL - 2023-07-02 23:44:27 --> Undefined property: App\Controllers\simDataController::$db
in APPPATH\Controllers\simDataController.php on line 22.
 1 APPPATH\Controllers\simDataController.php(22): CodeIgniter\Debug\Exceptions->errorHandler(2, 'Undefined property: App\\Controllers\\simDataController::$db', 'D:\\Simulasi-studi\\app\\Controllers\\simDataController.php', 22)
 2 SYSTEMPATH\CodeIgniter.php(934): App\Controllers\simDataController->fakultas_store()
 3 SYSTEMPATH\CodeIgniter.php(499): CodeIgniter\CodeIgniter->runController(Object(App\Controllers\simDataController))
 4 SYSTEMPATH\CodeIgniter.php(368): CodeIgniter\CodeIgniter->handleRequest(null, Object(Config\Cache), false)
 5 FCPATH\index.php(67): CodeIgniter\CodeIgniter->run()
 6 SYSTEMPATH\Commands\Server\rewrite.php(47): require_once('D:\\Simulasi-studi\\public\\index.php')
CRITICAL - 2023-07-02 23:46:26 --> Call to undefined method CodeIgniter\Database\MySQLi\Connection::insert()
in APPPATH\Controllers\simDataController.php on line 27.
 1 SYSTEMPATH\CodeIgniter.php(934): App\Controllers\simDataController->fakultas_store()
 2 SYSTEMPATH\CodeIgniter.php(499): CodeIgniter\CodeIgniter->runController(Object(App\Controllers\simDataController))
 3 SYSTEMPATH\CodeIgniter.php(368): CodeIgniter\CodeIgniter->handleRequest(null, Object(Config\Cache), false)
 4 FCPATH\index.php(67): CodeIgniter\CodeIgniter->run()
 5 SYSTEMPATH\Commands\Server\rewrite.php(47): require_once('D:\\Simulasi-studi\\public\\index.php')
CRITICAL - 2023-07-02 23:46:31 --> Call to undefined method CodeIgniter\Database\MySQLi\Connection::insert()
in APPPATH\Controllers\simDataController.php on line 27.
 1 SYSTEMPATH\CodeIgniter.php(934): App\Controllers\simDataController->fakultas_store()
 2 SYSTEMPATH\CodeIgniter.php(499): CodeIgniter\CodeIgniter->runController(Object(App\Controllers\simDataController))
 3 SYSTEMPATH\CodeIgniter.php(368): CodeIgniter\CodeIgniter->handleRequest(null, Object(Config\Cache), false)
 4 FCPATH\index.php(67): CodeIgniter\CodeIgniter->run()
 5 SYSTEMPATH\Commands\Server\rewrite.php(47): require_once('D:\\Simulasi-studi\\public\\index.php')
